<?xml version="1.0" encoding="UTF-8"?>
<!-- Generated by org.testng.reporters.JUnitReportReporter -->
<testsuite hostname="DNIS-325" name="testcases.Singin" tests="3" failures="0" timestamp="14 May 2015 10:09:00 GMT" time="1.435" errors="0">
  <testcase name="getStocks" time="0.218" classname="testcases.Singin"/>
  <testcase name="addstock" time="0.453" classname="testcases.Singin"/>
  <testcase name="login" time="0.764" classname="testcases.Singin"/>
</testsuite> <!-- testcases.Singin -->
