<?xml version="1.0" encoding="UTF-8"?>
<!-- Generated by org.testng.reporters.JUnitReportReporter -->
<testsuite hostname="DNIS-325" name="testcases.RemoveStocks" tests="1" failures="0" timestamp="14 May 2015 11:08:01 GMT" time="0.943" errors="0">
  <testcase name="removeStocks" time="0.943" classname="testcases.RemoveStocks"/>
</testsuite> <!-- testcases.RemoveStocks -->
