<?xml version="1.0" encoding="UTF-8"?>
<!-- Generated by org.testng.reporters.JUnitReportReporter -->
<testsuite hostname="DNIS-325" name="testcases.Addstocks" tests="1" failures="0" timestamp="14 May 2015 08:15:48 GMT" time="6.949" errors="0">
  <testcase name="addstock" time="6.949" classname="testcases.Addstocks"/>
</testsuite> <!-- testcases.Addstocks -->
